0 info it worked if it ends with ok
1 verbose cli [ '/Users/nicholasjudd/local/node/bin/node',
1 verbose cli   '/Users/nicholasjudd/local/node/bin/npm',
1 verbose cli   'test' ]
2 info using npm@2.5.1
3 info using node@v0.12.1
4 verbose stack Error: ENOENT, open '/Users/nicholasjudd/CSCI311/package.json'
4 verbose stack     at Error (native)
5 verbose cwd /Users/nicholasjudd/CSCI311
6 error Darwin 14.3.0
7 error argv "/Users/nicholasjudd/local/node/bin/node" "/Users/nicholasjudd/local/node/bin/npm" "test"
8 error node v0.12.1
9 error npm  v2.5.1
10 error path /Users/nicholasjudd/CSCI311/package.json
11 error code ENOENT
12 error errno -2
13 error enoent ENOENT, open '/Users/nicholasjudd/CSCI311/package.json'
13 error enoent This is most likely not a problem with npm itself
13 error enoent and is related to npm not being able to find a file.
14 verbose exit [ -2, true ]
